src/screens/auth/ProfileWizardScreen.tsx(214,111): error TS2322: Type '{ rotate: string; }' is not assignable to type 'string'.
src/screens/auth/SignupScreen.tsx(52,9): error TS2322: Type '"recruiter" | "seeker"' is not assignable to type '"job_seeker" | "recruiter"'.
  Type '"seeker"' is not assignable to type '"job_seeker" | "recruiter"'.
src/screens/jobProvider/AnalyticsScreen.tsx(13,42): error TS2305: Module '"lucide-react-native"' has no exported member 'ChartBar'.
src/screens/jobProvider/AnalyticsScreen.tsx(13,68): error TS2305: Module '"lucide-react-native"' has no exported member 'UserGroup'.
src/screens/jobProvider/ApplicantDetailScreen.tsx(16,3): error TS2305: Module '"lucide-react-native"' has no exported member 'LocationMarker'.
src/screens/jobProvider/ApplicantDetailScreen.tsx(17,3): error TS2305: Module '"lucide-react-native"' has no exported member 'AcademicCap'.
src/screens/jobProvider/ApplicantDetailScreen.tsx(19,3): error TS2305: Module '"lucide-react-native"' has no exported member 'DotsVertical'.
src/screens/jobProvider/ProviderAboutInfoScreen.tsx(7,3): error TS2305: Module '"lucide-react-native"' has no exported member 'OfficeBuilding'.
src/screens/jobProvider/ProviderAboutInfoScreen.tsx(8,3): error TS2305: Module '"lucide-react-native"' has no exported member 'UserGroup'.
src/screens/jobProvider/ProviderAboutInfoScreen.tsx(11,3): error TS2305: Module '"lucide-react-native"' has no exported member 'GlobeAlt'.
src/screens/jobProvider/ProviderAboutInfoScreen.tsx(14,10): error TS2305: Module '"react-native-heroicons/solid"' has no exported member 'PencilIcon'.
src/screens/jobProvider/ProviderAboutInfoScreen.tsx(54,25): error TS2322: Type '{ label: string; }' is not assignable to type 'IntrinsicAttributes & { title: string; }'.
  Property 'label' does not exist on type 'IntrinsicAttributes & { title: string; }'.
src/screens/jobProvider/ProviderAboutInfoScreen.tsx(61,25): error TS2322: Type '{ label: string; }' is not assignable to type 'IntrinsicAttributes & { title: string; }'.
  Property 'label' does not exist on type 'IntrinsicAttributes & { title: string; }'.
src/screens/jobProvider/ProviderAboutInfoScreen.tsx(67,25): error TS2322: Type '{ label: string; }' is not assignable to type 'IntrinsicAttributes & { title: string; }'.
  Property 'label' does not exist on type 'IntrinsicAttributes & { title: string; }'.
src/screens/jobProvider/ProviderAboutInfoScreen.tsx(74,25): error TS2322: Type '{ label: string; }' is not assignable to type 'IntrinsicAttributes & { title: string; }'.
  Property 'label' does not exist on type 'IntrinsicAttributes & { title: string; }'.
src/screens/jobSeeker/CompanyDetailScreen.tsx(124,36): error TS2322: Type '{ children: Element; mt: number; }' is not assignable to type 'IntrinsicAttributes & TouchableOpacityProps & RefAttributes<View>'.
  Property 'mt' does not exist on type 'IntrinsicAttributes & TouchableOpacityProps & RefAttributes<View>'.
src/screens/jobSeeker/CreateSocialPostScreen.tsx(58,49): error TS2322: Type 'string | null' is not assignable to type 'string | undefined'.
  Type 'null' is not assignable to type 'string | undefined'.
src/screens/jobSeeker/CreateSocialPostScreen.tsx(84,90): error TS2353: Object literal may only specify known properties, and 'px' does not exist in type 'ViewStyle | RecursiveArray<ViewStyle | Falsy>'.
src/screens/jobSeeker/CreateSocialPostScreen.tsx(97,58): error TS2322: Type '{ size: number; color: string; ml: number; }' is not assignable to type 'IntrinsicAttributes & LucideProps'.
  Property 'ml' does not exist on type 'IntrinsicAttributes & LucideProps'.
src/screens/jobSeeker/JobListScreen.tsx(207,20): error TS2322: Type '{ children: Element; isVisible: boolean; onClose: () => void; }' is not assignable to type 'IntrinsicAttributes & BottomSheetProps'.
  Property 'isVisible' does not exist on type 'IntrinsicAttributes & BottomSheetProps'. Did you mean 'visible'?
src/screens/jobSeeker/SearchExploreScreen.tsx(115,98): error TS2322: Type '{ rotate: string; }' is not assignable to type 'string'.
src/screens/jobSeeker/StoryViewerScreen.tsx(104,27): error TS7006: Parameter '_' implicitly has an 'any' type.
src/screens/jobSeeker/StoryViewerScreen.tsx(104,30): error TS7006: Parameter 'index' implicitly has an 'any' type.
